{"/Users/atominize/NodeJs/linked-list/LinkedList.js": {"path":"/Users/atominize/NodeJs/linked-list/LinkedList.js","statementMap":{"0":{"start":{"line":3,"column":4},"end":{"line":3,"column":21}},"1":{"start":{"line":4,"column":4},"end":{"line":4,"column":20}},"2":{"start":{"line":7,"column":17},"end":{"line":11,"column":3}},"3":{"start":{"line":8,"column":20},"end":{"line":8,"column":55}},"4":{"start":{"line":9,"column":4},"end":{"line":9,"column":24}},"5":{"start":{"line":10,"column":4},"end":{"line":10,"column":18}},"6":{"start":{"line":13,"column":19},"end":{"line":21,"column":3}},"7":{"start":{"line":14,"column":4},"end":{"line":14,"column":55}},"8":{"start":{"line":14,"column":43},"end":{"line":14,"column":55}},"9":{"start":{"line":16,"column":22},"end":{"line":16,"column":31}},"10":{"start":{"line":17,"column":4},"end":{"line":19,"column":5}},"11":{"start":{"line":17,"column":17},"end":{"line":17,"column":18}},"12":{"start":{"line":18,"column":6},"end":{"line":18,"column":37}},"13":{"start":{"line":20,"column":4},"end":{"line":20,"column":23}},"14":{"start":{"line":26,"column":4},"end":{"line":26,"column":23}},"15":{"start":{"line":27,"column":4},"end":{"line":27,"column":21}},"16":{"start":{"line":31,"column":0},"end":{"line":37,"column":2}},"17":{"start":{"line":32,"column":22},"end":{"line":32,"column":38}},"18":{"start":{"line":33,"column":2},"end":{"line":35,"column":3}},"19":{"start":{"line":33,"column":15},"end":{"line":33,"column":32}},"20":{"start":{"line":34,"column":4},"end":{"line":34,"column":40}},"21":{"start":{"line":36,"column":2},"end":{"line":36,"column":21}},"22":{"start":{"line":39,"column":0},"end":{"line":39,"column":28}}},"fnMap":{"0":{"name":"(anonymous_0)","decl":{"start":{"line":2,"column":2},"end":{"line":2,"column":3}},"loc":{"start":{"line":2,"column":16},"end":{"line":5,"column":3}},"line":2},"1":{"name":"(anonymous_1)","decl":{"start":{"line":7,"column":17},"end":{"line":7,"column":18}},"loc":{"start":{"line":7,"column":27},"end":{"line":11,"column":3}},"line":7},"2":{"name":"(anonymous_2)","decl":{"start":{"line":13,"column":19},"end":{"line":13,"column":20}},"loc":{"start":{"line":13,"column":30},"end":{"line":21,"column":3}},"line":13},"3":{"name":"(anonymous_3)","decl":{"start":{"line":25,"column":2},"end":{"line":25,"column":3}},"loc":{"start":{"line":25,"column":27},"end":{"line":28,"column":3}},"line":25},"4":{"name":"(anonymous_4)","decl":{"start":{"line":31,"column":24},"end":{"line":31,"column":25}},"loc":{"start":{"line":31,"column":39},"end":{"line":37,"column":1}},"line":31}},"branchMap":{"0":{"loc":{"start":{"line":14,"column":4},"end":{"line":14,"column":55}},"type":"if","locations":[{"start":{"line":14,"column":4},"end":{"line":14,"column":55}},{"start":{"line":14,"column":4},"end":{"line":14,"column":55}}],"line":14},"1":{"loc":{"start":{"line":14,"column":8},"end":{"line":14,"column":41}},"type":"binary-expr","locations":[{"start":{"line":14,"column":8},"end":{"line":14,"column":17}},{"start":{"line":14,"column":21},"end":{"line":14,"column":41}}],"line":14}},"s":{"0":5,"1":5,"2":5,"3":13,"4":13,"5":13,"6":5,"7":4,"8":2,"9":2,"10":2,"11":2,"12":3,"13":2,"14":13,"15":13,"16":1,"17":4,"18":4,"19":4,"20":11,"21":4,"22":1},"f":{"0":5,"1":13,"2":4,"3":13,"4":4},"b":{"0":[2,2],"1":[4,3]},"_coverageSchema":"1a1c01bbd47fc00a2c39e90264f33305004495a9","hash":"4ac883c5dabd3093b283ce87e670f79f514dd939"}
}
